
____________________________________________________________________________________________________________________________________________________
THREE ADDRESS CODE (TAC): 
____________________________________________________________________________________________________________________________________________________

0: main: 
1:     t_0 = 10
2:     t_1 = 10
3:     t_2 = 20
4:     t_3 = 5
5:     t_4 = 10
6:     t_5 = 15
7:     t_6 = 5
8:     t_7 = t_6 * 4
9:     t_8 = 1
10:     t_9 = t_8 * 80
11:     t_10 = 2
12:     t_12 = t_10 * 4
13:     t_11 = t_9 + t_12
14:     t_13 = a2[t_11]
15:     a1[t_7] = t_13
16:     t_15 = 5
17:     t_16 = t_15 * 80
18:     t_17 = 6
19:     t_19 = t_17 * 4
20:     t_18 = t_16 + t_19
21:     t_20 = 1
22:     t_21 = t_20 * 600
23:     t_22 = 2
24:     t_24 = t_22 * 60
25:     t_23 = t_21 + t_24
26:     t_25 = 3
27:     t_27 = t_25 * 4
28:     t_26 = t_23 + t_27
29:     t_28 = a3[t_26]
30:     a2[t_18] = t_28
31:     t_30 = 0
32:     t_31 = t_30 * 600
33:     t_32 = 0
34:     t_34 = t_32 * 60
35:     t_33 = t_31 + t_34
36:     t_35 = 0
37:     t_37 = t_35 * 4
38:     t_36 = t_33 + t_37
39:     t_38 = *f3
40:     t_39 = *f3
41:     t_40 = *f3
42:     a3[t_36] = t_40
43:     t_42 = *f3
44:     t_43 = *f3
45:     t_44 = *f3
46:     t_45 = *f2
47:     t_46 = *f2
48:     *f3 = t_46
49:     t_47 = *f2
50:     t_48 = *f2
51:     t_49 = 9
52:     t_50 = t_49 * 80
53:     t_51 = 19
54:     t_53 = t_51 * 4
55:     t_52 = t_50 + t_53
56:     t_54 = a2[t_52]
57:     *f2 = t_54
58:     t_55 = *f1
59:     t_56 = *f2
60:     t_57 = *f2
61:     *f1 = t_57
62:     t_58 = 0
63:     return t_58
____________________________________________________________________________________________________________________________________________________

SYMBOL TABLES:

____________________________________________________________________________________________________________________________________________________
Table Name: Global                                                 Parent Name: NULL
____________________________________________________________________________________________________________________________________________________
Name                                     Type                           Initial Value        Size            Offset          Nested
                                                                                                     
main                                     func                           -                    0               0               main
----------------------------------------------------------------------------------------------------------------------------------------------------

____________________________________________________________________________________________________________________________________________________
Table Name: main                                                   Parent Name: Global
____________________________________________________________________________________________________________________________________________________
Name                                     Type                           Initial Value        Size            Offset          Nested
                                                                                                     
return                                   int                            -                    4               0               NULL
a1                                       arr(10,int)                    -                    40              4               NULL
t_0                                      int                            10                   4               44              NULL
a2                                       arr(10,arr(20,int))            -                    800             48              NULL
t_1                                      int                            10                   4               848             NULL
t_2                                      int                            20                   4               852             NULL
a3                                       arr(5,arr(10,arr(15,int)))     -                    3000            856             NULL
t_3                                      int                            5                    4               3856            NULL
t_4                                      int                            10                   4               3860            NULL
t_5                                      int                            15                   4               3864            NULL
f1                                       ptr(float)                     -                    8               3868            NULL
f2                                       ptr(ptr(float))                -                    8               3876            NULL
f3                                       ptr(ptr(ptr(float)))           -                    8               3884            NULL
t_6                                      int                            5                    4               3892            NULL
t_7                                      int                                                 4               3896            NULL
t_8                                      int                            1                    4               3900            NULL
t_9                                      int                                                 4               3904            NULL
t_10                                     int                            2                    4               3908            NULL
t_11                                     int                                                 4               3912            NULL
t_12                                     int                                                 4               3916            NULL
t_13                                     int                                                 4               3920            NULL
t_14                                     int                                                 4               3924            NULL
t_15                                     int                            5                    4               3928            NULL
t_16                                     int                                                 4               3932            NULL
t_17                                     int                            6                    4               3936            NULL
t_18                                     int                                                 4               3940            NULL
t_19                                     int                                                 4               3944            NULL
t_20                                     int                            1                    4               3948            NULL
t_21                                     int                                                 4               3952            NULL
t_22                                     int                            2                    4               3956            NULL
t_23                                     int                                                 4               3960            NULL
t_24                                     int                                                 4               3964            NULL
t_25                                     int                            3                    4               3968            NULL
t_26                                     int                                                 4               3972            NULL
t_27                                     int                                                 4               3976            NULL
t_28                                     int                                                 4               3980            NULL
t_29                                     int                                                 4               3984            NULL
t_30                                     int                            0                    4               3988            NULL
t_31                                     int                                                 4               3992            NULL
t_32                                     int                            0                    4               3996            NULL
t_33                                     int                                                 4               4000            NULL
t_34                                     int                                                 4               4004            NULL
t_35                                     int                            0                    4               4008            NULL
t_36                                     int                                                 4               4012            NULL
t_37                                     int                                                 4               4016            NULL
t_38                                     ptr(ptr(float))                                     8               4020            NULL
t_39                                     ptr(ptr(float))                                     8               4028            NULL
t_40                                     ptr(ptr(float))                                     8               4036            NULL
t_41                                     int                                                 4               4044            NULL
t_42                                     ptr(ptr(float))                                     8               4048            NULL
t_43                                     ptr(ptr(float))                                     8               4056            NULL
t_44                                     ptr(ptr(float))                                     8               4064            NULL
t_45                                     ptr(float)                                          8               4072            NULL
t_46                                     ptr(float)                                          8               4080            NULL
t_47                                     ptr(float)                                          8               4088            NULL
t_48                                     ptr(float)                                          8               4096            NULL
t_49                                     int                            9                    4               4104            NULL
t_50                                     int                                                 4               4108            NULL
t_51                                     int                            19                   4               4112            NULL
t_52                                     int                                                 4               4116            NULL
t_53                                     int                                                 4               4120            NULL
t_54                                     int                                                 4               4124            NULL
t_55                                     float                                               4               4128            NULL
t_56                                     ptr(float)                                          8               4132            NULL
t_57                                     ptr(float)                                          8               4140            NULL
t_58                                     int                            0                    4               4148            NULL
----------------------------------------------------------------------------------------------------------------------------------------------------

