
____________________________________________________________________________________________________________________________________________________
THREE ADDRESS CODE (TAC): 
____________________________________________________________________________________________________________________________________________________

0: add_loop: 
1:     t_0 = 0
2:     csum = t_0

3: add_loop.FOR$0: 
4:     t_0 = 0
5:     i = t_0
6:     if i < n goto 11
7:     goto 16
8:     t_2 = i
9:     i = i + 1
10:     goto 6
11:     t_3 = i * 4
12:     t_4 = a[t_3]
13:     t_5 = csum + t_4
14:     csum = t_5
15:     goto 8
16:     return csum

17: main: 
18:     t_0 = 10
19:     n = t_0
20:     param a
21:     param n
22:     t_1 = call add_loop, 2
23:     csum = t_1
24:     if csum == n goto 27
25:     goto 31
26:     goto 41

27: main.$0: 
28:     t_0 = 0
29:     ans = t_0
30:     goto 41
31:     if csum > n goto 34
32:     goto 38
33:     goto 41

34: main.$1: 
35:     t_0 = csum - n
36:     ans = t_0
37:     goto 41

38: main.$2: 
39:     t_0 = 1
40:     ans = t_0
41:     t_2 = 0
42:     return t_2
____________________________________________________________________________________________________________________________________________________

SYMBOL TABLES:

____________________________________________________________________________________________________________________________________________________
Table Name: Global                                                 Parent Name: NULL
____________________________________________________________________________________________________________________________________________________
Name                                     Type                           Initial Value        Size            Offset          Nested
                                                                                                     
add_loop                                 func                           -                    0               0               add_loop
main                                     func                           -                    0               0               main
----------------------------------------------------------------------------------------------------------------------------------------------------

____________________________________________________________________________________________________________________________________________________
Table Name: add_loop                                               Parent Name: Global
____________________________________________________________________________________________________________________________________________________
Name                                     Type                           Initial Value        Size            Offset          Nested
                                                                                                     
a                                        arr(0,int)                     -                    0               0               NULL
n                                        int                            -                    4               0               NULL
return                                   int                            -                    4               4               NULL
csum                                     int                            0                    4               8               NULL
t_0                                      int                            0                    4               12              NULL
i                                        int                            -                    4               16              NULL
add_loop.FOR$0                           block                          -                    0               20              add_loop.FOR$0
----------------------------------------------------------------------------------------------------------------------------------------------------

____________________________________________________________________________________________________________________________________________________
Table Name: add_loop.FOR$0                                         Parent Name: add_loop
____________________________________________________________________________________________________________________________________________________
Name                                     Type                           Initial Value        Size            Offset          Nested
                                                                                                     
t_0                                      int                            0                    4               0               NULL
t_1                                      int                                                 4               4               NULL
t_2                                      int                                                 4               8               NULL
t_3                                      int                                                 4               12              NULL
t_4                                      int                                                 4               16              NULL
t_5                                      int                                                 4               20              NULL
t_6                                      int                                                 4               24              NULL
----------------------------------------------------------------------------------------------------------------------------------------------------

____________________________________________________________________________________________________________________________________________________
Table Name: main                                                   Parent Name: Global
____________________________________________________________________________________________________________________________________________________
Name                                     Type                           Initial Value        Size            Offset          Nested
                                                                                                     
return                                   int                            -                    4               0               NULL
n                                        int                            10                   4               4               NULL
t_0                                      int                            10                   4               8               NULL
a                                        arr(10,int)                    -                    40              12              NULL
ans                                      int                            -                    4               52              NULL
csum                                     int                            -                    4               56              NULL
t_1                                      int                                                 4               60              NULL
main.$0                                  block                          -                    0               64              main.$0
main.$1                                  block                          -                    0               64              main.$1
main.$2                                  block                          -                    0               64              main.$2
t_2                                      int                            0                    4               64              NULL
----------------------------------------------------------------------------------------------------------------------------------------------------

____________________________________________________________________________________________________________________________________________________
Table Name: main.$0                                                Parent Name: main
____________________________________________________________________________________________________________________________________________________
Name                                     Type                           Initial Value        Size            Offset          Nested
                                                                                                     
t_0                                      int                            0                    4               0               NULL
t_1                                      int                                                 4               4               NULL
----------------------------------------------------------------------------------------------------------------------------------------------------

____________________________________________________________________________________________________________________________________________________
Table Name: main.$1                                                Parent Name: main
____________________________________________________________________________________________________________________________________________________
Name                                     Type                           Initial Value        Size            Offset          Nested
                                                                                                     
t_0                                      int                                                 4               0               NULL
t_1                                      int                                                 4               4               NULL
----------------------------------------------------------------------------------------------------------------------------------------------------

____________________________________________________________________________________________________________________________________________________
Table Name: main.$2                                                Parent Name: main
____________________________________________________________________________________________________________________________________________________
Name                                     Type                           Initial Value        Size            Offset          Nested
                                                                                                     
t_0                                      int                            1                    4               0               NULL
t_1                                      int                                                 4               4               NULL
----------------------------------------------------------------------------------------------------------------------------------------------------

