
____________________________________________________________________________________________________________________________________________________
THREE ADDRESS CODE (TAC): 
____________________________________________________________________________________________________________________________________________________

0: main: 

1: main.FOR$0: 
2:     t_0 = 0
3:     i = t_0
4:     if i < j goto 9
5:     goto 23
6:     t_2 = i
7:     i = i + 1
8:     goto 4

9: main.FOR$0.FOR$1: 
10:     t_0 = 0
11:     j = t_0
12:     if j < k goto 14
13:     goto 6
14:     t_2 = 5
15:     if j < t_2 goto 20
16:     goto 6
17:     j = j + 1
18:     k = k + 1
19:     goto 12
20:     k = j
21:     goto 17
22:     goto 6

23: main.WHILE$2: 
24:     if i < j goto 28
25:     goto 26
26:     if i < k goto 28
27:     goto 31
28:     t_0 = j
29:     j = j - 1
30:     goto 24
31:     t_0 = k
32:     k = k + 1
33:     i = t_0

34: main.WHILE$3: 
35:     if i < j goto 37
36:     goto 40
37:     t_0 = j
38:     j = j - 1
39:     goto 35
40:     t_2 = 10
41:     if k <= t_2 goto 31
42:     goto 43
43:     t_3 = 0
44:     return t_3
____________________________________________________________________________________________________________________________________________________

SYMBOL TABLES:

____________________________________________________________________________________________________________________________________________________
Table Name: Global                                                 Parent Name: NULL
____________________________________________________________________________________________________________________________________________________
Name                                     Type                           Initial Value        Size            Offset          Nested
                                                                                                     
main                                     func                           -                    0               0               main
----------------------------------------------------------------------------------------------------------------------------------------------------

____________________________________________________________________________________________________________________________________________________
Table Name: main                                                   Parent Name: Global
____________________________________________________________________________________________________________________________________________________
Name                                     Type                           Initial Value        Size            Offset          Nested
                                                                                                     
return                                   int                            -                    4               0               NULL
i                                        int                            -                    4               4               NULL
j                                        int                            -                    4               8               NULL
k                                        int                            -                    4               12              NULL
main.FOR$0                               block                          -                    0               16              main.FOR$0
main.WHILE$2                             block                          -                    0               16              main.WHILE$2
t_0                                      int                                                 4               16              NULL
t_1                                      int                                                 4               20              NULL
main.WHILE$3                             block                          -                    0               24              main.WHILE$3
t_2                                      int                            10                   4               24              NULL
t_3                                      int                            0                    4               28              NULL
----------------------------------------------------------------------------------------------------------------------------------------------------

____________________________________________________________________________________________________________________________________________________
Table Name: main.FOR$0                                             Parent Name: main
____________________________________________________________________________________________________________________________________________________
Name                                     Type                           Initial Value        Size            Offset          Nested
                                                                                                     
t_0                                      int                            0                    4               0               NULL
t_1                                      int                                                 4               4               NULL
t_2                                      int                                                 4               8               NULL
main.FOR$0.FOR$1                         block                          -                    0               12              main.FOR$0.FOR$1
----------------------------------------------------------------------------------------------------------------------------------------------------

____________________________________________________________________________________________________________________________________________________
Table Name: main.FOR$0.FOR$1                                       Parent Name: main.FOR$0
____________________________________________________________________________________________________________________________________________________
Name                                     Type                           Initial Value        Size            Offset          Nested
                                                                                                     
t_0                                      int                            0                    4               0               NULL
t_1                                      int                                                 4               4               NULL
t_2                                      int                            5                    4               8               NULL
t_3                                      int                                                 4               12              NULL
----------------------------------------------------------------------------------------------------------------------------------------------------

____________________________________________________________________________________________________________________________________________________
Table Name: main.WHILE$2                                           Parent Name: main
____________________________________________________________________________________________________________________________________________________
Name                                     Type                           Initial Value        Size            Offset          Nested
                                                                                                     
t_0                                      int                                                 4               0               NULL
----------------------------------------------------------------------------------------------------------------------------------------------------

____________________________________________________________________________________________________________________________________________________
Table Name: main.WHILE$3                                           Parent Name: main
____________________________________________________________________________________________________________________________________________________
Name                                     Type                           Initial Value        Size            Offset          Nested
                                                                                                     
t_0                                      int                                                 4               0               NULL
----------------------------------------------------------------------------------------------------------------------------------------------------

