
____________________________________________________________________________________________________________________________________________________
THREE ADDRESS CODE (TAC): 
____________________________________________________________________________________________________________________________________________________

0: main: 
1:     if i < j goto 3
2:     goto 25
3:     if k > l goto 6
4:     goto 25
5:     goto 25

6: main.$0: 
7:     j = i
8:     l = k
9:     if i <= l goto 14
10:     goto 11
11:     if j >= k goto 14
12:     goto 16
13:     goto 24
14:     j = k
15:     goto 25
16:     if i == j goto 18
17:     goto 23
18:     if k != l goto 21
19:     goto 23
20:     goto 24
21:     i = l
22:     goto 25
23:     i = k
24:     goto 25
25:     t_0 = 0
26:     return t_0
____________________________________________________________________________________________________________________________________________________

SYMBOL TABLES:

____________________________________________________________________________________________________________________________________________________
Table Name: Global                                                 Parent Name: NULL
____________________________________________________________________________________________________________________________________________________
Name                                     Type                           Initial Value        Size            Offset          Nested
                                                                                                     
main                                     func                           -                    0               0               main
----------------------------------------------------------------------------------------------------------------------------------------------------

____________________________________________________________________________________________________________________________________________________
Table Name: main                                                   Parent Name: Global
____________________________________________________________________________________________________________________________________________________
Name                                     Type                           Initial Value        Size            Offset          Nested
                                                                                                     
return                                   int                            -                    4               0               NULL
i                                        int                            -                    4               4               NULL
j                                        int                            -                    4               8               NULL
k                                        int                            -                    4               12              NULL
l                                        int                            -                    4               16              NULL
main.$0                                  block                          -                    0               20              main.$0
t_0                                      int                            0                    4               20              NULL
----------------------------------------------------------------------------------------------------------------------------------------------------

____________________________________________________________________________________________________________________________________________________
Table Name: main.$0                                                Parent Name: main
____________________________________________________________________________________________________________________________________________________
Name                                     Type                           Initial Value        Size            Offset          Nested
                                                                                                     
t_0                                      int                                                 4               0               NULL
t_1                                      int                                                 4               4               NULL
t_2                                      int                                                 4               8               NULL
t_3                                      int                                                 4               12              NULL
t_4                                      int                                                 4               16              NULL
----------------------------------------------------------------------------------------------------------------------------------------------------

