
____________________________________________________________________________________________________________________________________________________
THREE ADDRESS CODE (TAC): 
____________________________________________________________________________________________________________________________________________________

0: main: 
1:     t_0 = &f1
2:     f2 = t_0
3:     t_2 = *f2
4:     f1 = t_2
5:     t_4 = *f1
6:     t_5 = *f2
7:     t_6 = *f2
8:     *f1 = t_6
9:     t_7 = *f2
10:     t_8 = *f2
11:     t_9 = *f1
12:     *f2 = t_9
13:     n1 = n1 + 1
14:     t_10 = n2
15:     n2 = n2 + 1
16:     t_11 = ~n2
17:     n3 = t_11
18:     n3 = n2
19:     t_14 = -n2
20:     n3 = t_14
21:     t_16 = 0
22:     return t_16
____________________________________________________________________________________________________________________________________________________

SYMBOL TABLES:

____________________________________________________________________________________________________________________________________________________
Table Name: Global                                                 Parent Name: NULL
____________________________________________________________________________________________________________________________________________________
Name                                     Type                           Initial Value        Size            Offset          Nested
                                                                                                     
main                                     func                           -                    0               0               main
----------------------------------------------------------------------------------------------------------------------------------------------------

____________________________________________________________________________________________________________________________________________________
Table Name: main                                                   Parent Name: Global
____________________________________________________________________________________________________________________________________________________
Name                                     Type                           Initial Value        Size            Offset          Nested
                                                                                                     
return                                   int                            -                    4               0               NULL
n1                                       int                            -                    4               4               NULL
n2                                       int                            -                    4               8               NULL
n3                                       int                            -                    4               12              NULL
f1                                       ptr(float)                     -                    8               16              NULL
f2                                       ptr(ptr(float))                -                    8               24              NULL
t_0                                      ptr(ptr(float))                                     8               32              NULL
t_1                                      ptr(NULL)                                           8               40              NULL
t_2                                      ptr(float)                                          8               48              NULL
t_3                                      ptr(NULL)                                           8               56              NULL
t_4                                      float                                               4               64              NULL
t_5                                      ptr(float)                                          8               68              NULL
t_6                                      ptr(float)                                          8               76              NULL
t_7                                      ptr(float)                                          8               84              NULL
t_8                                      ptr(float)                                          8               92              NULL
t_9                                      float                                               4               100             NULL
t_10                                     int                                                 4               104             NULL
t_11                                     int                                                 4               108             NULL
t_12                                     int                                                 4               112             NULL
t_13                                     int                                                 4               116             NULL
t_14                                     int                                                 4               120             NULL
t_15                                     int                                                 4               124             NULL
t_16                                     int                            0                    4               128             NULL
----------------------------------------------------------------------------------------------------------------------------------------------------

