
____________________________________________________________________________________________________________________________________________________
THREE ADDRESS CODE (TAC): 
____________________________________________________________________________________________________________________________________________________

0: binpow: 
1:     t_0 = 1
2:     ans = t_0

3: binpow.WHILE$0: 
4:     t_0 = 0
5:     if b != t_0 goto 7
6:     goto 24
7:     t_1 = 1
8:     t_2 = b & t_1
9:     t_3 = 0
10:     if t_2 != t_3 goto 13
11:     goto 17
12:     goto 17
13:     t_4 = ans * a
14:     t_5 = t_4 % mod
15:     ans = t_5
16:     goto 17
17:     t_7 = a * a
18:     t_8 = t_7 % mod
19:     a = t_8
20:     t_10 = 1
21:     t_11 = b >> t_10
22:     b = t_11
23:     goto 4
24:     return ans

25: gcd: 
26:     t_0 = 0
27:     if b == t_0 goto 30
28:     goto 32
29:     goto 32
30:     return a
31:     goto 32
32:     param b
33:     t_1 = a % b
34:     param t_1
35:     t_2 = call gcd, 2
36:     return t_2

37: main: 
38:     t_0 = 9
39:     a = t_0
40:     t_1 = 3
41:     b = t_1
42:     param a
43:     param b
44:     t_2 = call gcd, 2
45:     a = a + 1
46:     param a
47:     t_3 = b
48:     b = b + 1
49:     param t_3
50:     t_4 = call binpow, 2
51:     t_5 = 0
52:     return t_5
____________________________________________________________________________________________________________________________________________________

SYMBOL TABLES:

____________________________________________________________________________________________________________________________________________________
Table Name: Global                                                 Parent Name: NULL
____________________________________________________________________________________________________________________________________________________
Name                                     Type                           Initial Value        Size            Offset          Nested
                                                                                                     
mod                                      int                            -                    4               0               NULL
binpow                                   func                           -                    0               4               binpow
gcd                                      func                           -                    0               4               gcd
main                                     func                           -                    0               4               main
----------------------------------------------------------------------------------------------------------------------------------------------------

____________________________________________________________________________________________________________________________________________________
Table Name: binpow                                                 Parent Name: Global
____________________________________________________________________________________________________________________________________________________
Name                                     Type                           Initial Value        Size            Offset          Nested
                                                                                                     
a                                        int                            -                    4               0               NULL
b                                        int                            -                    4               4               NULL
return                                   int                            -                    4               8               NULL
ans                                      int                            1                    4               12              NULL
t_0                                      int                            1                    4               16              NULL
binpow.WHILE$0                           block                          -                    0               20              binpow.WHILE$0
----------------------------------------------------------------------------------------------------------------------------------------------------

____________________________________________________________________________________________________________________________________________________
Table Name: binpow.WHILE$0                                         Parent Name: binpow
____________________________________________________________________________________________________________________________________________________
Name                                     Type                           Initial Value        Size            Offset          Nested
                                                                                                     
t_0                                      int                            0                    4               0               NULL
t_1                                      int                            1                    4               4               NULL
t_2                                      int                                                 4               8               NULL
t_3                                      int                            0                    4               12              NULL
t_4                                      int                                                 4               16              NULL
t_5                                      int                                                 4               20              NULL
t_6                                      int                                                 4               24              NULL
t_7                                      int                                                 4               28              NULL
t_8                                      int                                                 4               32              NULL
t_9                                      int                                                 4               36              NULL
t_10                                     int                            1                    4               40              NULL
t_11                                     int                                                 4               44              NULL
t_12                                     int                                                 4               48              NULL
----------------------------------------------------------------------------------------------------------------------------------------------------

____________________________________________________________________________________________________________________________________________________
Table Name: gcd                                                    Parent Name: Global
____________________________________________________________________________________________________________________________________________________
Name                                     Type                           Initial Value        Size            Offset          Nested
                                                                                                     
a                                        int                            -                    4               0               NULL
b                                        int                            -                    4               4               NULL
return                                   int                            -                    4               8               NULL
t_0                                      int                            0                    4               12              NULL
t_1                                      int                                                 4               16              NULL
t_2                                      int                                                 4               20              NULL
----------------------------------------------------------------------------------------------------------------------------------------------------

____________________________________________________________________________________________________________________________________________________
Table Name: main                                                   Parent Name: Global
____________________________________________________________________________________________________________________________________________________
Name                                     Type                           Initial Value        Size            Offset          Nested
                                                                                                     
return                                   int                            -                    4               0               NULL
a                                        int                            9                    4               4               NULL
t_0                                      int                            9                    4               8               NULL
b                                        int                            3                    4               12              NULL
t_1                                      int                            3                    4               16              NULL
t_2                                      int                                                 4               20              NULL
t_3                                      int                                                 4               24              NULL
t_4                                      int                                                 4               28              NULL
t_5                                      int                            0                    4               32              NULL
----------------------------------------------------------------------------------------------------------------------------------------------------

