
____________________________________________________________________________________________________________________________________________________
THREE ADDRESS CODE (TAC): 
____________________________________________________________________________________________________________________________________________________
0:     t_0 = 'a'
1:     g3 = t_0

2: foo: 

3: foo: 
4:     t_0 = a + b
5:     i = t_0
6:     return 

7: main: 
8:     t_0 = 2.3
9:     f1 = t_0
10:     t_1 = 10
11:     n2 = t_1
12:     t_2 = 80
13:     t_3 = "Hello World"
14:     str1 = t_3
15:     f1 = f2
16:     t_5 = float2int(f2)
17:     n2 = t_5
18:     n1 = t_5
19:     t_7 = 22
20:     t_8 = t_7 * 1
21:     c2[t_8] = c1
22:     t_10 = 0
23:     return t_10
____________________________________________________________________________________________________________________________________________________

SYMBOL TABLES:

____________________________________________________________________________________________________________________________________________________
Table Name: Global                                                 Parent Name: NULL
____________________________________________________________________________________________________________________________________________________
Name                                     Type                           Initial Value        Size            Offset          Nested
                                                                                                     
g1                                       int                            -                    4               0               NULL
g2                                       int                            -                    4               4               NULL
g3                                       char                           'a'                  1               8               NULL
t_0                                      char                           'a'                  1               9               NULL
foo                                      func                           -                    0               10              foo
main                                     func                           -                    0               10              main
----------------------------------------------------------------------------------------------------------------------------------------------------

____________________________________________________________________________________________________________________________________________________
Table Name: foo                                                    Parent Name: Global
____________________________________________________________________________________________________________________________________________________
Name                                     Type                           Initial Value        Size            Offset          Nested
                                                                                                     
a                                        int                            -                    4               0               NULL
b                                        int                            -                    4               4               NULL
i                                        int                            -                    4               8               NULL
t_0                                      int                                                 4               12              NULL
----------------------------------------------------------------------------------------------------------------------------------------------------

____________________________________________________________________________________________________________________________________________________
Table Name: main                                                   Parent Name: Global
____________________________________________________________________________________________________________________________________________________
Name                                     Type                           Initial Value        Size            Offset          Nested
                                                                                                     
return                                   int                            -                    4               0               NULL
f1                                       float                          2.3                  4               4               NULL
t_0                                      float                          2.3                  4               8               NULL
f2                                       float                          -                    4               12              NULL
n1                                       int                            -                    4               16              NULL
n2                                       int                            10                   4               20              NULL
t_1                                      int                            10                   4               24              NULL
n3                                       ptr(int)                       -                    8               28              NULL
c1                                       char                           -                    1               36              NULL
c2                                       arr(80,char)                   -                    80              37              NULL
t_2                                      int                            80                   4               117             NULL
str1                                     ptr(char)                      "Hello World"        8               121             NULL
t_3                                      NA                             "Hello World"        -1              129             NULL
str2                                     ptr(char)                      -                    8               128             NULL
t_4                                      float                                               4               136             NULL
t_5                                      int                                                 4               140             NULL
t_6                                      int                                                 4               144             NULL
t_7                                      int                            22                   4               148             NULL
t_8                                      int                                                 4               152             NULL
t_9                                      char                                                1               156             NULL
t_10                                     int                            0                    4               157             NULL
----------------------------------------------------------------------------------------------------------------------------------------------------

