
____________________________________________________________________________________________________________________________________________________
THREE ADDRESS CODE (TAC): 
____________________________________________________________________________________________________________________________________________________

0: main: 
1:     t_0 = 2
2:     t_1 = n2 << t_0
3:     n1 = t_1
4:     t_3 = 2
5:     t_4 = n1 >> t_3
6:     n2 = t_4
7:     t_6 = n1 * n2
8:     t_7 = int2float(t_6)
9:     t_8 = t_7 / f3
10:     t_9 = float2int(t_8)
11:     n3 = t_9
12:     t_10 = -n2
13:     t_11 = t_10 - n3
14:     t_12 = int2float(t_11)
15:     t_13 = t_12 * f1
16:     t_14 = f1 + t_13
17:     f2 = t_14
18:     t_16 = n2 ^ n3
19:     n1 = t_16
20:     t_18 = n1 & n2
21:     t_19 = t_18 | n3
22:     n2 = t_19
23:     t_21 = n2 | n3
24:     t_22 = n1 & t_21
25:     n3 = t_22
26:     t_24 = 0
27:     return t_24
____________________________________________________________________________________________________________________________________________________

SYMBOL TABLES:

____________________________________________________________________________________________________________________________________________________
Table Name: Global                                                 Parent Name: NULL
____________________________________________________________________________________________________________________________________________________
Name                                     Type                           Initial Value        Size            Offset          Nested
                                                                                                     
main                                     func                           -                    0               0               main
----------------------------------------------------------------------------------------------------------------------------------------------------

____________________________________________________________________________________________________________________________________________________
Table Name: main                                                   Parent Name: Global
____________________________________________________________________________________________________________________________________________________
Name                                     Type                           Initial Value        Size            Offset          Nested
                                                                                                     
return                                   int                            -                    4               0               NULL
n1                                       int                            -                    4               4               NULL
n2                                       int                            -                    4               8               NULL
n3                                       int                            -                    4               12              NULL
f1                                       float                          -                    4               16              NULL
f2                                       float                          -                    4               20              NULL
f3                                       float                          -                    4               24              NULL
t_0                                      int                            2                    4               28              NULL
t_1                                      int                                                 4               32              NULL
t_2                                      int                                                 4               36              NULL
t_3                                      int                            2                    4               40              NULL
t_4                                      int                                                 4               44              NULL
t_5                                      int                                                 4               48              NULL
t_6                                      int                                                 4               52              NULL
t_7                                      float                                               4               56              NULL
t_8                                      float                                               4               60              NULL
t_9                                      int                                                 4               64              NULL
t_10                                     int                                                 4               68              NULL
t_11                                     int                                                 4               72              NULL
t_12                                     float                                               4               76              NULL
t_13                                     float                                               4               80              NULL
t_14                                     float                                               4               84              NULL
t_15                                     float                                               4               88              NULL
t_16                                     int                                                 4               92              NULL
t_17                                     int                                                 4               96              NULL
t_18                                     int                                                 4               100             NULL
t_19                                     int                                                 4               104             NULL
t_20                                     int                                                 4               108             NULL
t_21                                     int                                                 4               112             NULL
t_22                                     int                                                 4               116             NULL
t_23                                     int                                                 4               120             NULL
t_24                                     int                            0                    4               124             NULL
----------------------------------------------------------------------------------------------------------------------------------------------------

